# JRE version: Java(TM) SE Runtime Environment (8.0_65-b17) (build 1.8.0_65-b17)
# Java VM: Java HotSpot(TM) 64-Bit Server VM (25.65-b01 mixed mode windows-amd64 compressed oops)
Heap:
 PSYoungGen      total 72704K, used 15160K [0x00000000f8200000, 0x00000000fe700000, 0x0000000100000000)
  eden space 66048K, 20% used [0x00000000f8200000,0x00000000f8f06ca8,0x00000000fc280000)
  from space 6656K, 27% used [0x00000000fc280000,0x00000000fc447370,0x00000000fc900000)
  to   space 6656K, 0% used [0x00000000fe080000,0x00000000fe080000,0x00000000fe700000)
 ParOldGen       total 43008K, used 25928K [0x00000000e8600000, 0x00000000eb000000, 0x00000000f8200000)
  object space 43008K, 60% used [0x00000000e8600000,0x00000000e9f520f8,0x00000000eb000000)
 Metaspace       used 39170K, capacity 42902K, committed 43176K, reserved 1085440K
  class space    used 4927K, capacity 6204K, committed 6312K, reserved 1048576K
GC Heap History (10 events):
Event: 42.725 GC heap before
{Heap before GC invocations=13 (full 1):
 PSYoungGen      total 37376K, used 33152K [0x00000000f8200000, 0x00000000fbc00000, 0x0000000100000000)
  eden space 31744K, 100% used [0x00000000f8200000,0x00000000fa100000,0x00000000fa100000)
  from space 5632K, 25% used [0x00000000fa100000,0x00000000fa260000,0x00000000fa680000)
  to   space 5632K, 0% used [0x00000000fb680000,0x00000000fb680000,0x00000000fbc00000)
 ParOldGen       total 30208K, used 16146K [0x00000000e8600000, 0x00000000ea380000, 0x00000000f8200000)
  object space 30208K, 53% used [0x00000000e8600000,0x00000000e95c4980,0x00000000ea380000)
 Metaspace       used 26500K, capacity 28940K, committed 29056K, reserved 1075200K
  class space    used 2906K, capacity 3681K, committed 3712K, reserved 1048576K
Event: 42.740 GC heap after
Heap after GC invocations=13 (full 1):
 PSYoungGen      total 52736K, used 4064K [0x00000000f8200000, 0x00000000fbc00000, 0x0000000100000000)
  eden space 47104K, 0% used [0x00000000f8200000,0x00000000f8200000,0x00000000fb000000)
  from space 5632K, 72% used [0x00000000fb680000,0x00000000fba78168,0x00000000fbc00000)
  to   space 6144K, 0% used [0x00000000fb000000,0x00000000fb000000,0x00000000fb600000)
 ParOldGen       total 30208K, used 17418K [0x00000000e8600000, 0x00000000ea380000, 0x00000000f8200000)
  object space 30208K, 57% used [0x00000000e8600000,0x00000000e9702850,0x00000000ea380000)
 Metaspace       used 26500K, capacity 28940K, committed 29056K, reserved 1075200K
  class space    used 2906K, capacity 3681K, committed 3712K, reserved 1048576K
}
Event: 58.162 GC heap before
{Heap before GC invocations=14 (full 1):
 PSYoungGen      total 52736K, used 45883K [0x00000000f8200000, 0x00000000fbc00000, 0x0000000100000000)
  eden space 47104K, 88% used [0x00000000f8200000,0x00000000faad6ba0,0x00000000fb000000)
  from space 5632K, 72% used [0x00000000fb680000,0x00000000fba78168,0x00000000fbc00000)
  to   space 6144K, 0% used [0x00000000fb000000,0x00000000fb000000,0x00000000fb600000)
 ParOldGen       total 30208K, used 17418K [0x00000000e8600000, 0x00000000ea380000, 0x00000000f8200000)
  object space 30208K, 57% used [0x00000000e8600000,0x00000000e9702850,0x00000000ea380000)
 Metaspace       used 31981K, capacity 35400K, committed 35496K, reserved 1079296K
  class space    used 3680K, capacity 4765K, committed 4776K, reserved 1048576K
Event: 58.180 GC heap after
Heap after GC invocations=14 (full 1):
 PSYoungGen      total 53248K, used 6108K [0x00000000f8200000, 0x00000000fd180000, 0x0000000100000000)
  eden space 47104K, 0% used [0x00000000f8200000,0x00000000f8200000,0x00000000fb000000)
  from space 6144K, 99% used [0x00000000fb000000,0x00000000fb5f7180,0x00000000fb600000)
  to   space 6656K, 0% used [0x00000000fcb00000,0x00000000fcb00000,0x00000000fd180000)
 ParOldGen       total 30208K, used 20554K [0x00000000e8600000, 0x00000000ea380000, 0x00000000f8200000)
  object space 30208K, 68% used [0x00000000e8600000,0x00000000e9a12bc8,0x00000000ea380000)
 Metaspace       used 31981K, capacity 35400K, committed 35496K, reserved 1079296K
  class space    used 3680K, capacity 4765K, committed 4776K, reserved 1048576K
}
Event: 58.181 GC heap before
{Heap before GC invocations=15 (full 2):
 PSYoungGen      total 53248K, used 6108K [0x00000000f8200000, 0x00000000fd180000, 0x0000000100000000)
  eden space 47104K, 0% used [0x00000000f8200000,0x00000000f8200000,0x00000000fb000000)
  from space 6144K, 99% used [0x00000000fb000000,0x00000000fb5f7180,0x00000000fb600000)
  to   space 6656K, 0% used [0x00000000fcb00000,0x00000000fcb00000,0x00000000fd180000)
 ParOldGen       total 30208K, used 20554K [0x00000000e8600000, 0x00000000ea380000, 0x00000000f8200000)
  object space 30208K, 68% used [0x00000000e8600000,0x00000000e9a12bc8,0x00000000ea380000)
 Metaspace       used 31981K, capacity 35400K, committed 35496K, reserved 1079296K
  class space    used 3680K, capacity 4765K, committed 4776K, reserved 1048576K
Event: 58.334 GC heap after
Heap after GC invocations=15 (full 2):
 PSYoungGen      total 53248K, used 0K [0x00000000f8200000, 0x00000000fd180000, 0x0000000100000000)
  eden space 47104K, 0% used [0x00000000f8200000,0x00000000f8200000,0x00000000fb000000)
  from space 6144K, 0% used [0x00000000fb000000,0x00000000fb000000,0x00000000fb600000)
  to   space 6656K, 0% used [0x00000000fcb00000,0x00000000fcb00000,0x00000000fd180000)
 ParOldGen       total 43008K, used 24691K [0x00000000e8600000, 0x00000000eb000000, 0x00000000f8200000)
  object space 43008K, 57% used [0x00000000e8600000,0x00000000e9e1cfb8,0x00000000eb000000)
 Metaspace       used 31981K, capacity 35400K, committed 35496K, reserved 1079296K
  class space    used 3680K, capacity 4765K, committed 4776K, reserved 1048576K
}
Event: 59.561 GC heap before
{Heap before GC invocations=16 (full 2):
 PSYoungGen      total 53248K, used 47104K [0x00000000f8200000, 0x00000000fd180000, 0x0000000100000000)
  eden space 47104K, 100% used [0x00000000f8200000,0x00000000fb000000,0x00000000fb000000)
  from space 6144K, 0% used [0x00000000fb000000,0x00000000fb000000,0x00000000fb600000)
  to   space 6656K, 0% used [0x00000000fcb00000,0x00000000fcb00000,0x00000000fd180000)
 ParOldGen       total 43008K, used 24691K [0x00000000e8600000, 0x00000000eb000000, 0x00000000f8200000)
  object space 43008K, 57% used [0x00000000e8600000,0x00000000e9e1cfb8,0x00000000eb000000)
 Metaspace       used 34083K, capacity 37720K, committed 38056K, reserved 1081344K
  class space    used 4066K, capacity 5240K, committed 5288K, reserved 1048576K
Event: 59.566 GC heap after
Heap after GC invocations=16 (full 2):
 PSYoungGen      total 70656K, used 1360K [0x00000000f8200000, 0x00000000fcf80000, 0x0000000100000000)
  eden space 66048K, 0% used [0x00000000f8200000,0x00000000f8200000,0x00000000fc280000)
  from space 4608K, 29% used [0x00000000fcb00000,0x00000000fcc54010,0x00000000fcf80000)
  to   space 6656K, 0% used [0x00000000fc280000,0x00000000fc280000,0x00000000fc900000)
 ParOldGen       total 43008K, used 24699K [0x00000000e8600000, 0x00000000eb000000, 0x00000000f8200000)
  object space 43008K, 57% used [0x00000000e8600000,0x00000000e9e1efb8,0x00000000eb000000)
 Metaspace       used 34083K, capacity 37720K, committed 38056K, reserved 1081344K
  class space    used 4066K, capacity 5240K, committed 5288K, reserved 1048576K
}
Event: 63.573 GC heap before
{Heap before GC invocations=17 (full 2):
 PSYoungGen      total 70656K, used 67408K [0x00000000f8200000, 0x00000000fcf80000, 0x0000000100000000)
  eden space 66048K, 100% used [0x00000000f8200000,0x00000000fc280000,0x00000000fc280000)
  from space 4608K, 29% used [0x00000000fcb00000,0x00000000fcc54010,0x00000000fcf80000)
  to   space 6656K, 0% used [0x00000000fc280000,0x00000000fc280000,0x00000000fc900000)
 ParOldGen       total 43008K, used 24699K [0x00000000e8600000, 0x00000000eb000000, 0x00000000f8200000)
  object space 43008K, 57% used [0x00000000e8600000,0x00000000e9e1efb8,0x00000000eb000000)
 Metaspace       used 37682K, capacity 41382K, committed 41768K, reserved 1085440K
  class space    used 4625K, capacity 5849K, committed 5928K, reserved 1048576K
Event: 63.580 GC heap after
Heap after GC invocations=17 (full 2):
 PSYoungGen      total 72704K, used 1820K [0x00000000f8200000, 0x00000000fe700000, 0x0000000100000000)
  eden space 66048K, 0% used [0x00000000f8200000,0x00000000f8200000,0x00000000fc280000)
  from space 6656K, 27% used [0x00000000fc280000,0x00000000fc447370,0x00000000fc900000)
  to   space 6656K, 0% used [0x00000000fe080000,0x00000000fe080000,0x00000000fe700000)
 ParOldGen       total 43008K, used 25928K [0x00000000e8600000, 0x00000000eb000000, 0x00000000f8200000)
  object space 43008K, 60% used [0x00000000e8600000,0x00000000e9f520f8,0x00000000eb000000)
 Metaspace       used 37682K, capacity 41382K, committed 41768K, reserved 1085440K
  class space    used 4625K, capacity 5849K, committed 5928K, reserved 1048576K
}

