# JRE version: Java(TM) SE Runtime Environment (8.0_65-b17) (build 1.8.0_65-b17)
# Java VM: Java HotSpot(TM) 64-Bit Server VM (25.65-b01 mixed mode windows-amd64 compressed oops)
Heap:
 PSYoungGen      total 91648K, used 35260K [0x00000000f8200000, 0x0000000100000000, 0x0000000100000000)
  eden space 82432K, 40% used [0x00000000f8200000,0x00000000fa26f0a8,0x00000000fd280000)
  from space 9216K, 22% used [0x00000000fd280000,0x00000000fd480020,0x00000000fdb80000)
  to   space 9216K, 0% used [0x00000000ff700000,0x00000000ff700000,0x0000000100000000)
 ParOldGen       total 41472K, used 25457K [0x00000000e8600000, 0x00000000eae80000, 0x00000000f8200000)
  object space 41472K, 61% used [0x00000000e8600000,0x00000000e9edc660,0x00000000eae80000)
 Metaspace       used 38764K, capacity 42566K, committed 42752K, reserved 1085440K
  class space    used 4864K, capacity 6116K, committed 6144K, reserved 1048576K
GC Heap History (10 events):
Event: 18.735 GC heap before
{Heap before GC invocations=11 (full 1):
 PSYoungGen      total 60928K, used 2659K [0x00000000f8200000, 0x00000000fc400000, 0x0000000100000000)
  eden space 54272K, 0% used [0x00000000f8200000,0x00000000f8200000,0x00000000fb700000)
  from space 6656K, 39% used [0x00000000fbd80000,0x00000000fc018ca0,0x00000000fc400000)
  to   space 6656K, 0% used [0x00000000fb700000,0x00000000fb700000,0x00000000fbd80000)
 ParOldGen       total 22016K, used 16361K [0x00000000e8600000, 0x00000000e9b80000, 0x00000000f8200000)
  object space 22016K, 74% used [0x00000000e8600000,0x00000000e95fa5a8,0x00000000e9b80000)
 Metaspace       used 19864K, capacity 21072K, committed 21296K, reserved 1069056K
  class space    used 2162K, capacity 2573K, committed 2688K, reserved 1048576K
Event: 18.849 GC heap after
Heap after GC invocations=11 (full 1):
 PSYoungGen      total 60928K, used 0K [0x00000000f8200000, 0x00000000fc400000, 0x0000000100000000)
  eden space 54272K, 0% used [0x00000000f8200000,0x00000000f8200000,0x00000000fb700000)
  from space 6656K, 0% used [0x00000000fbd80000,0x00000000fbd80000,0x00000000fc400000)
  to   space 6656K, 0% used [0x00000000fb700000,0x00000000fb700000,0x00000000fbd80000)
 ParOldGen       total 29696K, used 16202K [0x00000000e8600000, 0x00000000ea300000, 0x00000000f8200000)
  object space 29696K, 54% used [0x00000000e8600000,0x00000000e95d2b50,0x00000000ea300000)
 Metaspace       used 19864K, capacity 21072K, committed 21296K, reserved 1069056K
  class space    used 2162K, capacity 2573K, committed 2688K, reserved 1048576K
}
Event: 20.768 GC heap before
{Heap before GC invocations=12 (full 1):
 PSYoungGen      total 60928K, used 54272K [0x00000000f8200000, 0x00000000fc400000, 0x0000000100000000)
  eden space 54272K, 100% used [0x00000000f8200000,0x00000000fb700000,0x00000000fb700000)
  from space 6656K, 0% used [0x00000000fbd80000,0x00000000fbd80000,0x00000000fc400000)
  to   space 6656K, 0% used [0x00000000fb700000,0x00000000fb700000,0x00000000fbd80000)
 ParOldGen       total 29696K, used 16202K [0x00000000e8600000, 0x00000000ea300000, 0x00000000f8200000)
  object space 29696K, 54% used [0x00000000e8600000,0x00000000e95d2b50,0x00000000ea300000)
 Metaspace       used 26352K, capacity 28860K, committed 29056K, reserved 1075200K
  class space    used 2892K, capacity 3657K, committed 3712K, reserved 1048576K
Event: 20.777 GC heap after
Heap after GC invocations=12 (full 1):
 PSYoungGen      total 60928K, used 4096K [0x00000000f8200000, 0x00000000fe200000, 0x0000000100000000)
  eden space 54272K, 0% used [0x00000000f8200000,0x00000000f8200000,0x00000000fb700000)
  from space 6656K, 61% used [0x00000000fb700000,0x00000000fbb00000,0x00000000fbd80000)
  to   space 6656K, 0% used [0x00000000fdb80000,0x00000000fdb80000,0x00000000fe200000)
 ParOldGen       total 29696K, used 16274K [0x00000000e8600000, 0x00000000ea300000, 0x00000000f8200000)
  object space 29696K, 54% used [0x00000000e8600000,0x00000000e95e4b60,0x00000000ea300000)
 Metaspace       used 26352K, capacity 28860K, committed 29056K, reserved 1075200K
  class space    used 2892K, capacity 3657K, committed 3712K, reserved 1048576K
}
Event: 35.969 GC heap before
{Heap before GC invocations=13 (full 1):
 PSYoungGen      total 60928K, used 52874K [0x00000000f8200000, 0x00000000fe200000, 0x0000000100000000)
  eden space 54272K, 89% used [0x00000000f8200000,0x00000000fb1a2a80,0x00000000fb700000)
  from space 6656K, 61% used [0x00000000fb700000,0x00000000fbb00000,0x00000000fbd80000)
  to   space 6656K, 0% used [0x00000000fdb80000,0x00000000fdb80000,0x00000000fe200000)
 ParOldGen       total 29696K, used 16274K [0x00000000e8600000, 0x00000000ea300000, 0x00000000f8200000)
  object space 29696K, 54% used [0x00000000e8600000,0x00000000e95e4b60,0x00000000ea300000)
 Metaspace       used 31952K, capacity 35356K, committed 35496K, reserved 1079296K
  class space    used 3687K, capacity 4773K, committed 4864K, reserved 1048576K
Event: 36.016 GC heap after
Heap after GC invocations=13 (full 1):
 PSYoungGen      total 89088K, used 6636K [0x00000000f8200000, 0x00000000fe680000, 0x0000000100000000)
  eden space 82432K, 0% used [0x00000000f8200000,0x00000000f8200000,0x00000000fd280000)
  from space 6656K, 99% used [0x00000000fdb80000,0x00000000fe1fb2d8,0x00000000fe200000)
  to   space 9216K, 0% used [0x00000000fd280000,0x00000000fd280000,0x00000000fdb80000)
 ParOldGen       total 29696K, used 20747K [0x00000000e8600000, 0x00000000ea300000, 0x00000000f8200000)
  object space 29696K, 69% used [0x00000000e8600000,0x00000000e9a42e50,0x00000000ea300000)
 Metaspace       used 31952K, capacity 35356K, committed 35496K, reserved 1079296K
  class space    used 3687K, capacity 4773K, committed 4864K, reserved 1048576K
}
Event: 36.016 GC heap before
{Heap before GC invocations=14 (full 2):
 PSYoungGen      total 89088K, used 6636K [0x00000000f8200000, 0x00000000fe680000, 0x0000000100000000)
  eden space 82432K, 0% used [0x00000000f8200000,0x00000000f8200000,0x00000000fd280000)
  from space 6656K, 99% used [0x00000000fdb80000,0x00000000fe1fb2d8,0x00000000fe200000)
  to   space 9216K, 0% used [0x00000000fd280000,0x00000000fd280000,0x00000000fdb80000)
 ParOldGen       total 29696K, used 20747K [0x00000000e8600000, 0x00000000ea300000, 0x00000000f8200000)
  object space 29696K, 69% used [0x00000000e8600000,0x00000000e9a42e50,0x00000000ea300000)
 Metaspace       used 31952K, capacity 35356K, committed 35496K, reserved 1079296K
  class space    used 3687K, capacity 4773K, committed 4864K, reserved 1048576K
Event: 36.215 GC heap after
Heap after GC invocations=14 (full 2):
 PSYoungGen      total 89088K, used 0K [0x00000000f8200000, 0x00000000fe680000, 0x0000000100000000)
  eden space 82432K, 0% used [0x00000000f8200000,0x00000000f8200000,0x00000000fd280000)
  from space 6656K, 0% used [0x00000000fdb80000,0x00000000fdb80000,0x00000000fe200000)
  to   space 9216K, 0% used [0x00000000fd280000,0x00000000fd280000,0x00000000fdb80000)
 ParOldGen       total 41472K, used 25449K [0x00000000e8600000, 0x00000000eae80000, 0x00000000f8200000)
  object space 41472K, 61% used [0x00000000e8600000,0x00000000e9eda660,0x00000000eae80000)
 Metaspace       used 31952K, capacity 35356K, committed 35496K, reserved 1079296K
  class space    used 3687K, capacity 4773K, committed 4864K, reserved 1048576K
}
Event: 38.899 GC heap before
{Heap before GC invocations=15 (full 2):
 PSYoungGen      total 89088K, used 82432K [0x00000000f8200000, 0x00000000fe680000, 0x0000000100000000)
  eden space 82432K, 100% used [0x00000000f8200000,0x00000000fd280000,0x00000000fd280000)
  from space 6656K, 0% used [0x00000000fdb80000,0x00000000fdb80000,0x00000000fe200000)
  to   space 9216K, 0% used [0x00000000fd280000,0x00000000fd280000,0x00000000fdb80000)
 ParOldGen       total 41472K, used 25449K [0x00000000e8600000, 0x00000000eae80000, 0x00000000f8200000)
  object space 41472K, 61% used [0x00000000e8600000,0x00000000e9eda660,0x00000000eae80000)
 Metaspace       used 34846K, capacity 38458K, committed 38656K, reserved 1083392K
  class space    used 4140K, capacity 5316K, committed 5376K, reserved 1048576K
Event: 38.917 GC heap after
Heap after GC invocations=15 (full 2):
 PSYoungGen      total 91648K, used 2048K [0x00000000f8200000, 0x0000000100000000, 0x0000000100000000)
  eden space 82432K, 0% used [0x00000000f8200000,0x00000000f8200000,0x00000000fd280000)
  from space 9216K, 22% used [0x00000000fd280000,0x00000000fd480020,0x00000000fdb80000)
  to   space 9216K, 0% used [0x00000000ff700000,0x00000000ff700000,0x0000000100000000)
 ParOldGen       total 41472K, used 25457K [0x00000000e8600000, 0x00000000eae80000, 0x00000000f8200000)
  object space 41472K, 61% used [0x00000000e8600000,0x00000000e9edc660,0x00000000eae80000)
 Metaspace       used 34846K, capacity 38458K, committed 38656K, reserved 1083392K
  class space    used 4140K, capacity 5316K, committed 5376K, reserved 1048576K
}

